0 info it worked if it ends with ok
1 verbose cli [ '/usr/bin/nodejs', '/usr/bin/npm', 'run', 'dev' ]
2 info using npm@3.5.2
3 info using node@v4.2.6
4 verbose run-script [ 'predev', 'dev', 'postdev' ]
5 info lifecycle django-drf-react-quickstart@1.0.0~predev: django-drf-react-quickstart@1.0.0
6 silly lifecycle django-drf-react-quickstart@1.0.0~predev: no script for predev, continuing
7 info lifecycle django-drf-react-quickstart@1.0.0~dev: django-drf-react-quickstart@1.0.0
8 verbose lifecycle django-drf-react-quickstart@1.0.0~dev: unsafe-perm in lifecycle true
9 verbose lifecycle django-drf-react-quickstart@1.0.0~dev: PATH: /usr/share/npm/bin/node-gyp-bin:/home/geebs/django-drf-react-quickstart/node_modules/.bin:/home/geebs/.local/share/virtualenvs/django-drf-react-quickstart-9eK_SHm4/bin:/home/geebs/bin:/home/geebs/.local/bin:/usr/local/sbin:/usr/local/bin:/usr/sbin:/usr/bin:/sbin:/bin:/usr/games:/usr/local/games:/snap/bin
10 verbose lifecycle django-drf-react-quickstart@1.0.0~dev: CWD: /home/geebs/django-drf-react-quickstart
11 silly lifecycle django-drf-react-quickstart@1.0.0~dev: Args: [ '-c',
11 silly lifecycle   'webpack --mode development ./project/frontend/src/index.js --output ./project/frontend/static/frontend/main.js' ]
12 info lifecycle django-drf-react-quickstart@1.0.0~dev: Failed to exec dev script
13 verbose stack Error: django-drf-react-quickstart@1.0.0 dev: `webpack --mode development ./project/frontend/src/index.js --output ./project/frontend/static/frontend/main.js`
13 verbose stack spawn ENOENT
13 verbose stack     at ChildProcess.<anonymous> (/usr/share/npm/lib/utils/spawn.js:17:16)
13 verbose stack     at emitTwo (events.js:87:13)
13 verbose stack     at ChildProcess.emit (events.js:172:7)
13 verbose stack     at maybeClose (internal/child_process.js:821:16)
13 verbose stack     at Process.ChildProcess._handle.onexit (internal/child_process.js:211:5)
14 verbose pkgid django-drf-react-quickstart@1.0.0
15 verbose cwd /home/geebs/django-drf-react-quickstart
16 error Linux 4.4.0-116-generic
17 error argv "/usr/bin/nodejs" "/usr/bin/npm" "run" "dev"
18 error node v4.2.6
19 error npm  v3.5.2
20 error file sh
21 error code ELIFECYCLE
22 error errno ENOENT
23 error syscall spawn
24 error django-drf-react-quickstart@1.0.0 dev: `webpack --mode development ./project/frontend/src/index.js --output ./project/frontend/static/frontend/main.js`
24 error spawn ENOENT
25 error Failed at the django-drf-react-quickstart@1.0.0 dev script 'webpack --mode development ./project/frontend/src/index.js --output ./project/frontend/static/frontend/main.js'.
25 error Make sure you have the latest version of node.js and npm installed.
25 error If you do, this is most likely a problem with the django-drf-react-quickstart package,
25 error not with npm itself.
25 error Tell the author that this fails on your system:
25 error     webpack --mode development ./project/frontend/src/index.js --output ./project/frontend/static/frontend/main.js
25 error You can get information on how to open an issue for this project with:
25 error     npm bugs django-drf-react-quickstart
25 error Or if that isn't available, you can get their info via:
25 error     npm owner ls django-drf-react-quickstart
25 error There is likely additional logging output above.
26 verbose exit [ 1, true ]
